[2024-05-10 20:43:54] local.ERROR: include(A:\laragon\www\HyperSystem\PRODUCT_CLIENTS\ULTIMATE_POS\KASSA_CEDERFINANCE\project\code\vendor\composer/../laravel/framework/src/Illuminate/Console/View/Components/Mutators/EnsureDynamicContentIsHighlighted.php): Failed to open stream: No such file or directory {"exception":"[object] (ErrorException(code: 0): include(A:\\laragon\\www\\HyperSystem\\PRODUCT_CLIENTS\\ULTIMATE_POS\\KASSA_CEDERFINANCE\\project\\code\\vendor\\composer/../laravel/framework/src/Illuminate/Console/View/Components/Mutators/EnsureDynamicContentIsHighlighted.php): Failed to open stream: No such file or directory at A:\\laragon\\www\\HyperSystem\\PRODUCT_CLIENTS\\ULTIMATE_POS\\KASSA_CEDERFINANCE\\project\\code\\vendor\\composer\\ClassLoader.php:571)
[stacktrace]
#0 A:\\laragon\\www\\HyperSystem\\PRODUCT_CLIENTS\\ULTIMATE_POS\\KASSA_CEDERFINANCE\\project\\code\\vendor\\laravel\\framework\\src\\Illuminate\\Foundation\\Bootstrap\\HandleExceptions.php(270): Illuminate\\Foundation\\Bootstrap\\HandleExceptions->handleError(2, 'include(A:\\\\lara...', 'A:\\\\laragon\\\\www\\\\...', 571)
#1 A:\\laragon\\www\\HyperSystem\\PRODUCT_CLIENTS\\ULTIMATE_POS\\KASSA_CEDERFINANCE\\project\\code\\vendor\\composer\\ClassLoader.php(571): Illuminate\\Foundation\\Bootstrap\\HandleExceptions->Illuminate\\Foundation\\Bootstrap\\{closure}(2, 'include(A:\\\\lara...', 'A:\\\\laragon\\\\www\\\\...', 571)
#2 A:\\laragon\\www\\HyperSystem\\PRODUCT_CLIENTS\\ULTIMATE_POS\\KASSA_CEDERFINANCE\\project\\code\\vendor\\composer\\ClassLoader.php(571): include('A:\\\\laragon\\\\www\\\\...')
#3 A:\\laragon\\www\\HyperSystem\\PRODUCT_CLIENTS\\ULTIMATE_POS\\KASSA_CEDERFINANCE\\project\\code\\vendor\\composer\\ClassLoader.php(428): Composer\\Autoload\\includeFile('A:\\\\laragon\\\\www\\\\...')
#4 A:\\laragon\\www\\HyperSystem\\PRODUCT_CLIENTS\\ULTIMATE_POS\\KASSA_CEDERFINANCE\\project\\code\\vendor\\laravel\\framework\\src\\Illuminate\\Console\\View\\Components\\Component.php(85): Composer\\Autoload\\ClassLoader->loadClass('Illuminate\\\\Cons...')
#5 A:\\laragon\\www\\HyperSystem\\PRODUCT_CLIENTS\\ULTIMATE_POS\\KASSA_CEDERFINANCE\\project\\code\\vendor\\laravel\\framework\\src\\Illuminate\\Console\\View\\Components\\Line.php(44): Illuminate\\Console\\View\\Components\\Component->mutate('Server running ...', Array)
#6 A:\\laragon\\www\\HyperSystem\\PRODUCT_CLIENTS\\ULTIMATE_POS\\KASSA_CEDERFINANCE\\project\\code\\vendor\\laravel\\framework\\src\\Illuminate\\Console\\View\\Components\\Info.php(18): Illuminate\\Console\\View\\Components\\Line->render('info', 'Server running ...', 32)
#7 A:\\laragon\\www\\HyperSystem\\PRODUCT_CLIENTS\\ULTIMATE_POS\\KASSA_CEDERFINANCE\\project\\code\\vendor\\laravel\\framework\\src\\Illuminate\\Console\\View\\Components\\Factory.php(58): Illuminate\\Console\\View\\Components\\Info->render('Server running ...')
#8 A:\\laragon\\www\\HyperSystem\\PRODUCT_CLIENTS\\ULTIMATE_POS\\KASSA_CEDERFINANCE\\project\\code\\vendor\\laravel\\framework\\src\\Illuminate\\Foundation\\Console\\ServeCommand.php(246): Illuminate\\Console\\View\\Components\\Factory->__call('info', Array)
#9 A:\\laragon\\www\\HyperSystem\\PRODUCT_CLIENTS\\ULTIMATE_POS\\KASSA_CEDERFINANCE\\project\\code\\vendor\\laravel\\framework\\src\\Illuminate\\Collections\\Traits\\EnumeratesValues.php(235): Illuminate\\Foundation\\Console\\ServeCommand->Illuminate\\Foundation\\Console\\{closure}('[Fri May 10 18:...', 0)
#10 A:\\laragon\\www\\HyperSystem\\PRODUCT_CLIENTS\\ULTIMATE_POS\\KASSA_CEDERFINANCE\\project\\code\\vendor\\laravel\\framework\\src\\Illuminate\\Foundation\\Console\\ServeCommand.php(293): Illuminate\\Support\\Collection->each(Object(Closure))
#11 A:\\laragon\\www\\HyperSystem\\PRODUCT_CLIENTS\\ULTIMATE_POS\\KASSA_CEDERFINANCE\\project\\code\\vendor\\symfony\\process\\Process.php(1274): Illuminate\\Foundation\\Console\\ServeCommand->Illuminate\\Foundation\\Console\\{closure}('err', '[Fri May 10 18:...')
#12 A:\\laragon\\www\\HyperSystem\\PRODUCT_CLIENTS\\ULTIMATE_POS\\KASSA_CEDERFINANCE\\project\\code\\vendor\\symfony\\process\\Process.php(1374): Symfony\\Component\\Process\\Process->Symfony\\Component\\Process\\{closure}('err', '[Fri May 10 18:...')
#13 A:\\laragon\\www\\HyperSystem\\PRODUCT_CLIENTS\\ULTIMATE_POS\\KASSA_CEDERFINANCE\\project\\code\\vendor\\symfony\\process\\Process.php(1294): Symfony\\Component\\Process\\Process->readPipes(false, false)
#14 A:\\laragon\\www\\HyperSystem\\PRODUCT_CLIENTS\\ULTIMATE_POS\\KASSA_CEDERFINANCE\\project\\code\\vendor\\symfony\\process\\Process.php(838): Symfony\\Component\\Process\\Process->updateStatus(false)
#15 A:\\laragon\\www\\HyperSystem\\PRODUCT_CLIENTS\\ULTIMATE_POS\\KASSA_CEDERFINANCE\\project\\code\\vendor\\laravel\\framework\\src\\Illuminate\\Foundation\\Console\\ServeCommand.php(102): Symfony\\Component\\Process\\Process->isRunning()
#16 A:\\laragon\\www\\HyperSystem\\PRODUCT_CLIENTS\\ULTIMATE_POS\\KASSA_CEDERFINANCE\\project\\code\\vendor\\laravel\\framework\\src\\Illuminate\\Container\\BoundMethod.php(36): Illuminate\\Foundation\\Console\\ServeCommand->handle()
#17 A:\\laragon\\www\\HyperSystem\\PRODUCT_CLIENTS\\ULTIMATE_POS\\KASSA_CEDERFINANCE\\project\\code\\vendor\\laravel\\framework\\src\\Illuminate\\Container\\Util.php(41): Illuminate\\Container\\BoundMethod::Illuminate\\Container\\{closure}()
#18 A:\\laragon\\www\\HyperSystem\\PRODUCT_CLIENTS\\ULTIMATE_POS\\KASSA_CEDERFINANCE\\project\\code\\vendor\\laravel\\framework\\src\\Illuminate\\Container\\BoundMethod.php(93): Illuminate\\Container\\Util::unwrapIfClosure(Object(Closure))
#19 A:\\laragon\\www\\HyperSystem\\PRODUCT_CLIENTS\\ULTIMATE_POS\\KASSA_CEDERFINANCE\\project\\code\\vendor\\laravel\\framework\\src\\Illuminate\\Container\\BoundMethod.php(37): Illuminate\\Container\\BoundMethod::callBoundMethod(Object(Illuminate\\Foundation\\Application), Array, Object(Closure))
#20 A:\\laragon\\www\\HyperSystem\\PRODUCT_CLIENTS\\ULTIMATE_POS\\KASSA_CEDERFINANCE\\project\\code\\vendor\\laravel\\framework\\src\\Illuminate\\Container\\Container.php(661): Illuminate\\Container\\BoundMethod::call(Object(Illuminate\\Foundation\\Application), Array, Array, NULL)
#21 A:\\laragon\\www\\HyperSystem\\PRODUCT_CLIENTS\\ULTIMATE_POS\\KASSA_CEDERFINANCE\\project\\code\\vendor\\laravel\\framework\\src\\Illuminate\\Console\\Command.php(183): Illuminate\\Container\\Container->call(Array)
#22 A:\\laragon\\www\\HyperSystem\\PRODUCT_CLIENTS\\ULTIMATE_POS\\KASSA_CEDERFINANCE\\project\\code\\vendor\\symfony\\console\\Command\\Command.php(326): Illuminate\\Console\\Command->execute(Object(Symfony\\Component\\Console\\Input\\ArgvInput), Object(Illuminate\\Console\\OutputStyle))
#23 A:\\laragon\\www\\HyperSystem\\PRODUCT_CLIENTS\\ULTIMATE_POS\\KASSA_CEDERFINANCE\\project\\code\\vendor\\laravel\\framework\\src\\Illuminate\\Console\\Command.php(153): Symfony\\Component\\Console\\Command\\Command->run(Object(Symfony\\Component\\Console\\Input\\ArgvInput), Object(Illuminate\\Console\\OutputStyle))
#24 A:\\laragon\\www\\HyperSystem\\PRODUCT_CLIENTS\\ULTIMATE_POS\\KASSA_CEDERFINANCE\\project\\code\\vendor\\symfony\\console\\Application.php(1078): Illuminate\\Console\\Command->run(Object(Symfony\\Component\\Console\\Input\\ArgvInput), Object(Symfony\\Component\\Console\\Output\\ConsoleOutput))
#25 A:\\laragon\\www\\HyperSystem\\PRODUCT_CLIENTS\\ULTIMATE_POS\\KASSA_CEDERFINANCE\\project\\code\\vendor\\symfony\\console\\Application.php(324): Symfony\\Component\\Console\\Application->doRunCommand(Object(Illuminate\\Foundation\\Console\\ServeCommand), Object(Symfony\\Component\\Console\\Input\\ArgvInput), Object(Symfony\\Component\\Console\\Output\\ConsoleOutput))
#26 A:\\laragon\\www\\HyperSystem\\PRODUCT_CLIENTS\\ULTIMATE_POS\\KASSA_CEDERFINANCE\\project\\code\\vendor\\symfony\\console\\Application.php(175): Symfony\\Component\\Console\\Application->doRun(Object(Symfony\\Component\\Console\\Input\\ArgvInput), Object(Symfony\\Component\\Console\\Output\\ConsoleOutput))
#27 A:\\laragon\\www\\HyperSystem\\PRODUCT_CLIENTS\\ULTIMATE_POS\\KASSA_CEDERFINANCE\\project\\code\\vendor\\laravel\\framework\\src\\Illuminate\\Console\\Application.php(102): Symfony\\Component\\Console\\Application->run(Object(Symfony\\Component\\Console\\Input\\ArgvInput), Object(Symfony\\Component\\Console\\Output\\ConsoleOutput))
#28 A:\\laragon\\www\\HyperSystem\\PRODUCT_CLIENTS\\ULTIMATE_POS\\KASSA_CEDERFINANCE\\project\\code\\vendor\\laravel\\framework\\src\\Illuminate\\Foundation\\Console\\Kernel.php(155): Illuminate\\Console\\Application->run(Object(Symfony\\Component\\Console\\Input\\ArgvInput), Object(Symfony\\Component\\Console\\Output\\ConsoleOutput))
#29 A:\\laragon\\www\\HyperSystem\\PRODUCT_CLIENTS\\ULTIMATE_POS\\KASSA_CEDERFINANCE\\project\\code\\artisan(37): Illuminate\\Foundation\\Console\\Kernel->handle(Object(Symfony\\Component\\Console\\Input\\ArgvInput), Object(Symfony\\Component\\Console\\Output\\ConsoleOutput))
#30 {main}
"} 
